<?xml version="1.0" encoding="UTF-8"?>
<testsuite name="launcher-run" tests="5" failures="0" skipped="0" time="0.000">
  <testcase classname="launcher" name="python-salesnav-core::workflow.salesnav.collect_companies_5.open_or_reuse_tab" time="0.000">
  </testcase>
  <testcase classname="launcher" name="python-salesnav-core::workflow.salesnav.collect_companies_5.navigate_and_collect" time="0.000">
  </testcase>
  <testcase classname="launcher" name="python-salesnav-core::workflow.salesnav.collect_companies_5.capture_observation" time="0.000">
  </testcase>
  <testcase classname="launcher" name="python-salesnav-core::workflow.salesnav.collect_companies_5.assert_min_count_5" time="0.000">
  </testcase>
  <testcase classname="launcher" name="python-salesnav-core::workflow.salesnav.collect_companies_5.assert_required_fields" time="0.000">
  </testcase>
</testsuite>
