<?xml version="1.0" encoding="utf-8"?><testsuites name="pytest tests"><testsuite name="pytest" errors="0" failures="0" skipped="0" tests="2" time="0.617" timestamp="2026-02-23T19:11:53.432525-05:00" hostname="LPC"><testcase classname="tests.salesnav.test_salesnav_query_builder" name="test_build_salesnav_people_search_url_uses_sales_company_url_for_org_id" time="0.001" /><testcase classname="tests.salesnav.test_salesnav_query_builder" name="test_build_salesnav_people_search_url_supports_current_company_urn" time="0.000" /></testsuite></testsuites>