<?xml version="1.0" encoding="utf-8"?><testsuites name="pytest tests"><testsuite name="pytest" errors="0" failures="0" skipped="0" tests="6" time="0.660" timestamp="2026-02-23T17:54:56.677931-05:00" hostname="LPC"><testcase classname="tests.salesnav.test_salesnav_query_builder" name="test_build_salesnav_account_search_url_with_keyword_and_filters" time="0.001" /><testcase classname="tests.salesnav.test_salesnav_query_builder" name="test_build_salesnav_account_search_url_handles_department_ranges" time="0.000" /><testcase classname="tests.salesnav.test_salesnav_query_builder" name="test_build_salesnav_account_search_url_raises_on_unmapped_filter_values" time="0.015" /><testcase classname="tests.salesnav.test_salesnav_query_builder" name="test_build_salesnav_account_search_url_resolves_industry_from_ids_file" time="0.000" /><testcase classname="tests.salesnav.test_salesnav_query_builder" name="test_build_salesnav_account_search_url_supports_decimal_annual_revenue_ranges" time="0.000" /><testcase classname="tests.salesnav.test_salesnav_query_builder" name="test_build_salesnav_account_search_url_supports_open_ended_annual_revenue_ranges" time="0.000" /></testsuite></testsuites>