<?xml version="1.0" encoding="UTF-8"?>
<testsuite name="launcher-run" tests="13" failures="2" skipped="0" time="152.695">
  <testcase classname="launcher" name="backend-gate-pytest-ready" time="0.104">
  </testcase>
  <testcase classname="launcher" name="frontend-gate-node-ready" time="0.104">
  </testcase>
  <testcase classname="launcher" name="python-builder-routes" time="5.539">
  </testcase>
  <testcase classname="launcher" name="live-gate-backend-api-ready" time="3.020">
  </testcase>
  <testcase classname="launcher" name="live-gate-bridge-ready" time="1.008">
  </testcase>
  <testcase classname="launcher" name="python-api-routes-browser" time="8.256">
  </testcase>
  <testcase classname="launcher" name="python-browser-core" time="25.805">
  </testcase>
  <testcase classname="launcher" name="python-launcher-core" time="11.808">
    <failure message="2 child test(s) failed"/>
  </testcase>
  <testcase classname="launcher" name="python-platform-core" time="1.721">
  </testcase>
  <testcase classname="launcher" name="python-salesnav-core" time="50.507">
  </testcase>
  <testcase classname="launcher" name="python-workflow-core" time="7.763">
  </testcase>
  <testcase classname="launcher" name="ui-tests-all" time="1.417">
    <failure message="exit code 1"/>
  </testcase>
  <testcase classname="launcher" name="workflow-builder-live" time="35.643">
  </testcase>
</testsuite>
