<?xml version="1.0" encoding="UTF-8"?>
<testsuite name="launcher-run" tests="16" failures="0" skipped="12" time="3.415">
  <testcase classname="launcher" name="backend-gate-pytest-ready" time="0.101">
  </testcase>
  <testcase classname="launcher" name="python-api-routes-browser" time="0.000">
    <skipped message="canceled"/>
  </testcase>
  <testcase classname="launcher" name="python-builder-routes" time="0.000">
    <skipped message="canceled"/>
  </testcase>
  <testcase classname="launcher" name="python-browser-core" time="0.000">
    <skipped message="canceled"/>
  </testcase>
  <testcase classname="launcher" name="python-launcher-core" time="0.000">
    <skipped message="canceled"/>
  </testcase>
  <testcase classname="launcher" name="python-platform-core" time="0.000">
    <skipped message="canceled"/>
  </testcase>
  <testcase classname="launcher" name="python-salesnav-core" time="0.000">
    <skipped message="canceled"/>
  </testcase>
  <testcase classname="launcher" name="python-workflow-core" time="0.000">
    <skipped message="canceled"/>
  </testcase>
  <testcase classname="launcher" name="frontend-gate-node-ready" time="0.100">
  </testcase>
  <testcase classname="launcher" name="ui-tests-all" time="0.000">
    <skipped message="canceled"/>
  </testcase>
  <testcase classname="launcher" name="live-gate-backend-api-ready" time="0.000">
    <skipped message="canceled"/>
  </testcase>
  <testcase classname="launcher" name="live-gate-bridge-ready" time="0.000">
    <skipped message="canceled"/>
  </testcase>
  <testcase classname="launcher" name="workflow-builder-live" time="0.000">
    <skipped message="canceled"/>
  </testcase>
  <testcase classname="launcher" name="python-builder-routes::tests/api_routes/test_browser_workflow_builder_api_routes.py::test_observation_pack_success" time="1.203">
  </testcase>
  <testcase classname="launcher" name="python-builder-routes::tests/api_routes/test_browser_workflow_builder_api_routes.py::test_validate_candidate_success" time="1.104">
  </testcase>
  <testcase classname="launcher" name="python-builder-routes::tests/api_routes/test_browser_workflow_builder_api_routes.py::test_annotate_candidate_success" time="0.000">
    <skipped message="canceled"/>
  </testcase>
</testsuite>
