<?xml version="1.0" encoding="UTF-8"?>
<testsuite name="launcher-run" tests="6" failures="1" skipped="0" time="20.991">
  <testcase classname="launcher" name="python-salesnav-core::workflow.salesnav.collect_companies_5.open_or_reuse_tab" time="19.559">
  </testcase>
  <testcase classname="launcher" name="python-salesnav-core::workflow.salesnav.collect_companies_5.navigate_and_collect" time="0.802">
  </testcase>
  <testcase classname="launcher" name="python-salesnav-core::workflow.salesnav.collect_companies_5.capture_observation" time="0.301">
  </testcase>
  <testcase classname="launcher" name="python-salesnav-core::workflow.salesnav.collect_companies_5.assert_min_count_5" time="0.101">
    <failure message="exit code 1"/>
  </testcase>
  <testcase classname="launcher" name="python-salesnav-core::workflow.salesnav.collect_companies_5.assert_required_fields" time="0.100">
  </testcase>
  <testcase classname="launcher" name="python-salesnav-core::workflow.salesnav.collect_companies_5.persist_summary" time="0.100">
  </testcase>
</testsuite>
