<?xml version="1.0" encoding="UTF-8"?>
<testsuite name="launcher-run" tests="13" failures="1" skipped="0" time="159.424">
  <testcase classname="launcher" name="backend-gate-pytest-ready" time="0.105">
  </testcase>
  <testcase classname="launcher" name="frontend-gate-node-ready" time="0.104">
  </testcase>
  <testcase classname="launcher" name="python-builder-routes" time="5.641">
  </testcase>
  <testcase classname="launcher" name="live-gate-backend-api-ready" time="2.918">
  </testcase>
  <testcase classname="launcher" name="live-gate-bridge-ready" time="1.008">
  </testcase>
  <testcase classname="launcher" name="python-api-routes-browser" time="8.157">
  </testcase>
  <testcase classname="launcher" name="python-browser-core" time="25.806">
  </testcase>
  <testcase classname="launcher" name="python-launcher-core" time="11.819">
    <failure message="2 child test(s) failed"/>
  </testcase>
  <testcase classname="launcher" name="python-platform-core" time="1.722">
  </testcase>
  <testcase classname="launcher" name="python-salesnav-core" time="50.714">
  </testcase>
  <testcase classname="launcher" name="python-workflow-core" time="7.562">
  </testcase>
  <testcase classname="launcher" name="ui-tests-all" time="1.414">
  </testcase>
  <testcase classname="launcher" name="workflow-builder-live" time="42.454">
  </testcase>
</testsuite>
