<?xml version="1.0" encoding="UTF-8"?>
<testsuite name="launcher-run" tests="5" failures="2" skipped="0" time="0.410">
  <testcase classname="launcher" name="python-salesnav-core::workflow.salesnav.collect_companies_5.open_or_reuse_tab" time="0.000">
  </testcase>
  <testcase classname="launcher" name="python-salesnav-core::workflow.salesnav.shared.dismiss_notifications_overlay" time="0.201">
    <failure message="exit code 1"/>
  </testcase>
  <testcase classname="launcher" name="python-salesnav-core::workflow.salesnav.query_builder.account_search_contracts" time="0.000">
  </testcase>
  <testcase classname="launcher" name="python-salesnav-core::workflow.salesnav.shared.pre_navigate_and_collect" time="0.201">
    <failure message="exit code 1"/>
  </testcase>
  <testcase classname="launcher" name="python-salesnav-core::workflow.salesnav.collect_companies_5.navigate_and_collect" time="0.000">
  </testcase>
</testsuite>
