<?xml version="1.0" encoding="UTF-8"?>
<testsuite name="launcher-run" tests="24" failures="0" skipped="9" time="10.984">
  <testcase classname="launcher" name="backend-gate-pytest-ready" time="0.101">
  </testcase>
  <testcase classname="launcher" name="python-api-routes-browser" time="0.000">
    <skipped message="canceled"/>
  </testcase>
  <testcase classname="launcher" name="python-builder-routes" time="5.540">
  </testcase>
  <testcase classname="launcher" name="python-browser-core" time="0.000">
    <skipped message="canceled"/>
  </testcase>
  <testcase classname="launcher" name="python-launcher-core" time="0.000">
    <skipped message="canceled"/>
  </testcase>
  <testcase classname="launcher" name="python-platform-core" time="0.000">
    <skipped message="canceled"/>
  </testcase>
  <testcase classname="launcher" name="python-salesnav-core" time="0.000">
    <skipped message="canceled"/>
  </testcase>
  <testcase classname="launcher" name="python-workflow-core" time="0.000">
    <skipped message="canceled"/>
  </testcase>
  <testcase classname="launcher" name="frontend-gate-node-ready" time="0.100">
  </testcase>
  <testcase classname="launcher" name="ui-tests-all" time="0.000">
    <skipped message="canceled"/>
  </testcase>
  <testcase classname="launcher" name="live-gate-backend-api-ready" time="3.321">
  </testcase>
  <testcase classname="launcher" name="live-gate-bridge-ready" time="1.008">
  </testcase>
  <testcase classname="launcher" name="workflow-builder-live" time="0.000">
    <skipped message="canceled"/>
  </testcase>
  <testcase classname="launcher" name="python-builder-routes::tests/api_routes/test_browser_workflow_builder_api_routes.py::test_observation_pack_success" time="1.104">
  </testcase>
  <testcase classname="launcher" name="python-builder-routes::tests/api_routes/test_browser_workflow_builder_api_routes.py::test_validate_candidate_success" time="1.104">
  </testcase>
  <testcase classname="launcher" name="python-builder-routes::tests/api_routes/test_browser_workflow_builder_api_routes.py::test_annotate_candidate_success" time="1.104">
  </testcase>
  <testcase classname="launcher" name="python-builder-routes::tests/api_routes/test_browser_workflow_builder_api_routes.py::test_synthesize_from_feedback_success" time="1.103">
  </testcase>
  <testcase classname="launcher" name="python-builder-routes::tests/api_routes/test_browser_workflow_builder_api_routes.py::test_builder_routes_raise_500_on_internal_error" time="1.104">
  </testcase>
  <testcase classname="launcher" name="live-gate-backend-api-ready::tests/launcher/test_live_readiness_gates.py::test_gate_backend_api_ready" time="0.501">
  </testcase>
  <testcase classname="launcher" name="live-gate-backend-api-ready::tests/launcher/test_live_readiness_gates.py::test_gate_bridge_ready" time="2.810">
  </testcase>
  <testcase classname="launcher" name="live-gate-bridge-ready::tests/launcher/test_live_readiness_gates.py::test_gate_bridge_ready" time="0.501">
  </testcase>
  <testcase classname="launcher" name="live-gate-bridge-ready::tests/launcher/test_live_readiness_gates.py::test_gate_backend_api_ready" time="0.502">
  </testcase>
  <testcase classname="launcher" name="python-api-routes-browser::tests/api_routes/browser/test_browser_nav_api_routes.py::test_browser_navigate_passes_timeout_to_backend" time="0.702">
  </testcase>
  <testcase classname="launcher" name="python-api-routes-browser::tests/api_routes/browser/test_browser_nav_api_routes.py::test_browser_navigate_creates_tracked_task" time="0.000">
    <skipped message="canceled"/>
  </testcase>
</testsuite>
