<?xml version="1.0" encoding="UTF-8"?>
<testsuite name="launcher-run" tests="13" failures="1" skipped="0" time="153.511">
  <testcase classname="launcher" name="backend-gate-pytest-ready" time="0.105">
  </testcase>
  <testcase classname="launcher" name="frontend-gate-node-ready" time="0.105">
  </testcase>
  <testcase classname="launcher" name="python-builder-routes" time="5.538">
  </testcase>
  <testcase classname="launcher" name="live-gate-backend-api-ready" time="2.918">
  </testcase>
  <testcase classname="launcher" name="live-gate-bridge-ready" time="1.008">
  </testcase>
  <testcase classname="launcher" name="python-api-routes-browser" time="8.158">
  </testcase>
  <testcase classname="launcher" name="python-browser-core" time="26.006">
  </testcase>
  <testcase classname="launcher" name="python-launcher-core" time="11.809">
    <failure message="2 child test(s) failed"/>
  </testcase>
  <testcase classname="launcher" name="python-platform-core" time="1.722">
  </testcase>
  <testcase classname="launcher" name="python-salesnav-core" time="50.913">
  </testcase>
  <testcase classname="launcher" name="python-workflow-core" time="7.462">
  </testcase>
  <testcase classname="launcher" name="ui-tests-all" time="1.416">
  </testcase>
  <testcase classname="launcher" name="workflow-builder-live" time="36.351">
  </testcase>
</testsuite>
