<?xml version="1.0" encoding="UTF-8"?>
<testsuite name="launcher-run" tests="10" failures="1" skipped="1" time="792.316">
  <testcase classname="launcher" name="backend-gate-pytest-ready" time="0.105">
  </testcase>
  <testcase classname="launcher" name="frontend-gate-node-ready" time="0.105">
  </testcase>
  <testcase classname="launcher" name="python-builder-routes" time="5.538">
  </testcase>
  <testcase classname="launcher" name="live-gate-backend-api-ready" time="3.119">
  </testcase>
  <testcase classname="launcher" name="live-gate-bridge-ready" time="1.109">
  </testcase>
  <testcase classname="launcher" name="python-api-routes-browser" time="8.155">
  </testcase>
  <testcase classname="launcher" name="python-browser-core" time="26.607">
  </testcase>
  <testcase classname="launcher" name="python-launcher-core" time="11.810">
    <failure message="2 child test(s) failed"/>
  </testcase>
  <testcase classname="launcher" name="python-platform-core" time="1.723">
  </testcase>
  <testcase classname="launcher" name="python-salesnav-core" time="734.046">
    <skipped message="canceled"/>
  </testcase>
</testsuite>
